\BOOKMARK [0][-]{section*.3}{8mp.title }{}% 3
\BOOKMARK [1][-]{section*.2}{Abstract}{section*.2}% 1
\BOOKMARK [1][-]{section*.2}{Abstract}{}% 2
\BOOKMARK [1][-]{section*.4}{Research questions, concepts and propositions}{section*.3}% 4
\BOOKMARK [2][-]{section*.5}{Interlocking directorates}{section*.4}% 5
\BOOKMARK [2][-]{section*.6}{Product-service space}{section*.4}% 6
\BOOKMARK [2][-]{section*.7}{Interlocks and the product-service space}{section*.4}% 7
\BOOKMARK [3][-]{section*.8}{Interlocks affect the product-service space}{section*.7}% 8
\BOOKMARK [3][-]{section*.9}{Interlocks affect the product-service space \(at least\) through innovation}{section*.7}% 9
\BOOKMARK [2][-]{section*.10}{What factors affect interlocks}{section*.4}% 10
\BOOKMARK [2][-]{section*.11}{Other projects}{section*.4}% 11
\BOOKMARK [1][-]{section*.12}{Complexity theory}{section*.3}% 12
\BOOKMARK [2][-]{section*.13}{Complex systems}{section*.12}% 13
\BOOKMARK [2][-]{section*.14}{The micro-macro problem}{section*.12}% 14
\BOOKMARK [2][-]{section*.15}{The micro-macro problem in social sciences. A complex systems perspective}{section*.12}% 15
\BOOKMARK [2][-]{section*.16}{Complex system toolbox for network analysis}{section*.12}% 16
\BOOKMARK [3][-]{section*.17}{Descriptive tools}{section*.16}% 17
\BOOKMARK [3][-]{section*.18}{Modeling}{section*.16}% 18
\BOOKMARK [2][-]{section*.19}{Summing up}{section*.12}% 19
\BOOKMARK [1][-]{section*.20}{Data}{section*.3}% 20
\BOOKMARK [2][-]{section*.21}{Company data}{section*.20}% 21
\BOOKMARK [2][-]{section*.22}{City data}{section*.20}% 22
\BOOKMARK [1][-]{section*.23}{Schedule}{section*.3}% 23
\BOOKMARK [1][-]{section*.24}{References}{section*.3}% 24
